Full dataset size: 39774
Train dataset size: 29830 (75.00%)
Test dataset size: 9944 (25.00%)
Training Set accuracy: 0.7346295675494469
Testing Set accuracy: 0.7162107803700724
              precision    recall  f1-score   support

     italian       0.83      0.79      0.81      5941
      french       0.55      0.56      0.55      2004
      indian       0.86      0.86      0.86      2264
     mexican       0.91      0.88      0.90      4782
     british       0.37      0.40      0.38       594
    moroccan       0.80      0.73      0.76       612
 southern_us       0.53      0.77      0.62      3221
     chinese       0.77      0.84      0.80      1976
     spanish       0.50      0.49      0.50       740
    japanese       0.73      0.69      0.71      1080
cajun_creole       0.61      0.71      0.66      1152
      korean       0.89      0.72      0.80       615
    filipino       0.69      0.52      0.60       570
       greek       0.73      0.68      0.71       908
        thai       0.77      0.77      0.77      1145
    jamaican       0.90      0.58      0.70       408
       irish       0.73      0.41      0.53       502
     russian       0.76      0.30      0.43       360
   brazilian       0.74      0.31      0.44       349
  vietnamese       0.79      0.51      0.62       607

 avg / total       0.75      0.73      0.73     29830

              precision    recall  f1-score   support

     italian       0.83      0.79      0.81      1897
      french       0.48      0.50      0.49       642
      indian       0.84      0.86      0.85       739
     mexican       0.91      0.87      0.89      1656
     british       0.34      0.34      0.34       210
    moroccan       0.79      0.69      0.74       209
 southern_us       0.51      0.76      0.61      1099
     chinese       0.77      0.84      0.80       697
     spanish       0.50      0.48      0.49       249
    japanese       0.66      0.60      0.63       343
cajun_creole       0.60      0.70      0.64       394
      korean       0.82      0.63      0.71       215
    filipino       0.68      0.52      0.59       185
       greek       0.67      0.64      0.65       267
        thai       0.78      0.74      0.76       394
    jamaican       0.86      0.58      0.69       118
       irish       0.69      0.33      0.44       165
     russian       0.70      0.20      0.31       129
   brazilian       0.73      0.32      0.45       118
  vietnamese       0.73      0.46      0.56       218

 avg / total       0.73      0.72      0.71      9944
