Full dataset size: 39774
Train dataset size: 29830 (75.00%)
Test dataset size: 9944 (25.00%)
Transforming training data...
Model used: SGDClassifier
Fitting model...
Best params (train)
{'tfidf__norm': 'l2', 'clf__class_weight': None, 'clf__alpha': 0.0001, 'clf__penalty': 'elasticnet', 'vect__ngram_range': (1, 2), 'vect__max_df': 0.6, 'tfidf__use_idf': True, 'tfidf__sublinear_tf': True, 'vect__tokenizer': None, 'clf__random_state': None, 'clf__loss': 'modified_huber', 'vect__binary': True, 'tfidf__smooth_idf': True}
Best score: 0.778545088837
Score: 0.890177673483
Transforming test data...
Predicting train data...
Predicting test data...
Best accuracy (train): 0.8901776734830708
Accuracy (train): 0.7890185036202735
              precision    recall  f1-score   support

       greek       0.92      0.81      0.86       898
    filipino       0.94      0.84      0.89       554
     mexican       0.95      0.96      0.96      4829
cajun_creole       0.89      0.84      0.87      1176
     spanish       0.90      0.64      0.75       735
 southern_us       0.82      0.92      0.86      3179
   brazilian       0.93      0.69      0.79       351
     british       0.91      0.63      0.74       596
        thai       0.87      0.89      0.88      1150
    moroccan       0.92      0.90      0.91       616
  vietnamese       0.93      0.72      0.81       605
      korean       0.94      0.90      0.92       626
       irish       0.93      0.70      0.80       488
    jamaican       0.95      0.86      0.90       400
    japanese       0.95      0.80      0.87      1087
      french       0.79      0.80      0.80      1992
      indian       0.90      0.97      0.93      2227
     russian       0.96      0.67      0.79       392
     chinese       0.88      0.95      0.92      2030
     italian       0.88      0.95      0.92      5899

 avg / total       0.89      0.89      0.89     29830

              precision    recall  f1-score   support

       greek       0.84      0.69      0.76       277
    filipino       0.72      0.58      0.64       201
     mexican       0.89      0.92      0.91      1609
cajun_creole       0.77      0.69      0.72       370
     spanish       0.68      0.42      0.52       254
 southern_us       0.70      0.84      0.76      1141
   brazilian       0.72      0.41      0.52       116
     british       0.69      0.38      0.49       208
        thai       0.79      0.80      0.80       389
    moroccan       0.79      0.81      0.80       205
  vietnamese       0.80      0.52      0.63       220
      korean       0.83      0.75      0.78       204
       irish       0.79      0.42      0.55       179
    jamaican       0.85      0.70      0.77       126
    japanese       0.85      0.70      0.77       336
      french       0.61      0.63      0.62       654
      indian       0.85      0.92      0.88       776
     russian       0.58      0.32      0.41        97
     chinese       0.78      0.86      0.82       643
     italian       0.81      0.91      0.86      1939

 avg / total       0.79      0.79      0.78      9944

